<?xml version="1.0" encoding="UTF-8"?>
<!-- Generated by org.testng.reporters.JUnitXMLReporter -->
<testsuite ignored="0" hostname="LAPTOP-REV335BT" failures="1" tests="10" name="Test" time="36.183" errors="0" timestamp="2025-07-06T12:21:08 IST">
  <testcase classname="com.sauce.qa.TestCases.OverviewPageTest" name="ValidateoverviewdetailsTest" time="0.091"/>
  <testcase classname="com.sauce.qa.TestCases.CheckOutPageTest" name="ValidateMultipleInformation" time="0.291"/>
  <testcase classname="com.sauce.qa.TestCases.CheckOutPageTest" name="ValidateMultipleInformation" time="0.338"/>
  <testcase classname="com.sauce.qa.TestCases.CheckOutPageTest" name="ValidateMultipleInformation" time="0.364"/>
  <testcase classname="com.sauce.qa.TestCases.LoginPageTest" name="loginpageTitleTest" time="0.03"/>
  <testcase classname="com.sauce.qa.TestCases.LoginPageTest" name="LoginMethod" time="0.937">
    <failure type="java.lang.AssertionError" message="expected [Single Page Apps for GitHub Pages] but found [Swag Labs]">
      <![CDATA[java.lang.AssertionError: expected [Single Page Apps for GitHub Pages] but found [Swag Labs]
at com.sauce.qa.TestCases.LoginPageTest.LoginMethod(LoginPageTest.java:38)
at java.base/java.util.ArrayList.forEach(ArrayList.java:1511)
... Removed 33 stack frames]]>
    </failure>
  </testcase> <!-- LoginMethod -->
  <testcase classname="com.sauce.qa.TestCases.ProductsPageTest" name="ValidateFilterOptionTest" time="0.471"/>
  <testcase classname="com.sauce.qa.TestCases.ProductsPageTest" name="ValidateAddtoCartTest" time="0.299"/>
  <testcase classname="com.sauce.qa.TestCases.AddCartPageTest" name="checkoutTest" time="0.115"/>
  <testcase classname="com.sauce.qa.TestCases.OrderPlacedPageTest" name="ValidateMessageTest" time="0.03"/>
</testsuite> <!-- Test -->
