<?xml version="1.0" encoding="UTF-8"?>
<testng-results ignored="0" total="10" passed="9" failed="1" skipped="0">
  <reporter-output>
  </reporter-output>
  <suite started-at="2025-07-06T12:20:31 IST" name="Suite" finished-at="2025-07-06T12:21:08 IST" duration-ms="36183">
    <groups>
    </groups>
    <test started-at="2025-07-06T12:20:31 IST" name="Test" finished-at="2025-07-06T12:21:08 IST" duration-ms="36183">
      <class name="com.sauce.qa.TestCases.CheckOutPageTest">
        <test-method is-config="true" signature="SetUp()[pri:0, instance:com.sauce.qa.TestCases.CheckOutPageTest@c8c12ac]" started-at="2025-07-06T12:20:38 IST" name="SetUp" finished-at="2025-07-06T12:20:40 IST" duration-ms="2559" status="PASS">
          <reporter-output>
          </reporter-output>
        </test-method> <!-- SetUp -->
        <test-method signature="ValidateMultipleInformation(java.lang.String,java.lang.String,java.lang.String)[pri:0, instance:com.sauce.qa.TestCases.CheckOutPageTest@c8c12ac]" started-at="2025-07-06T12:20:40 IST" name="ValidateMultipleInformation" data-provider="gettestdatafromexcel" finished-at="2025-07-06T12:20:41 IST" duration-ms="291" status="PASS">
          <params>
            <param index="0">
              <value>
                <![CDATA[Anu]]>
              </value>
            </param>
            <param index="1">
              <value>
                <![CDATA[Aathvika]]>
              </value>
            </param>
            <param index="2">
              <value>
                <![CDATA[600001.0]]>
              </value>
            </param>
          </params>
          <reporter-output>
          </reporter-output>
        </test-method> <!-- ValidateMultipleInformation -->
        <test-method is-config="true" signature="SetUp()[pri:0, instance:com.sauce.qa.TestCases.CheckOutPageTest@c8c12ac]" started-at="2025-07-06T12:20:41 IST" name="SetUp" finished-at="2025-07-06T12:20:43 IST" duration-ms="2521" status="PASS">
          <reporter-output>
          </reporter-output>
        </test-method> <!-- SetUp -->
        <test-method signature="ValidateMultipleInformation(java.lang.String,java.lang.String,java.lang.String)[pri:0, instance:com.sauce.qa.TestCases.CheckOutPageTest@c8c12ac]" started-at="2025-07-06T12:20:43 IST" name="ValidateMultipleInformation" data-provider="gettestdatafromexcel" finished-at="2025-07-06T12:20:43 IST" duration-ms="338" status="PASS">
          <params>
            <param index="0">
              <value>
                <![CDATA[Bala]]>
              </value>
            </param>
            <param index="1">
              <value>
                <![CDATA[Jem]]>
              </value>
            </param>
            <param index="2">
              <value>
                <![CDATA[600002.0]]>
              </value>
            </param>
          </params>
          <reporter-output>
          </reporter-output>
        </test-method> <!-- ValidateMultipleInformation -->
        <test-method is-config="true" signature="SetUp()[pri:0, instance:com.sauce.qa.TestCases.CheckOutPageTest@c8c12ac]" started-at="2025-07-06T12:20:43 IST" name="SetUp" finished-at="2025-07-06T12:20:46 IST" duration-ms="2891" status="PASS">
          <reporter-output>
          </reporter-output>
        </test-method> <!-- SetUp -->
        <test-method signature="ValidateMultipleInformation(java.lang.String,java.lang.String,java.lang.String)[pri:0, instance:com.sauce.qa.TestCases.CheckOutPageTest@c8c12ac]" started-at="2025-07-06T12:20:46 IST" name="ValidateMultipleInformation" data-provider="gettestdatafromexcel" finished-at="2025-07-06T12:20:47 IST" duration-ms="364" status="PASS">
          <params>
            <param index="0">
              <value>
                <![CDATA[Cathy]]>
              </value>
            </param>
            <param index="1">
              <value>
                <![CDATA[Zia]]>
              </value>
            </param>
            <param index="2">
              <value>
                <![CDATA[600003.0]]>
              </value>
            </param>
          </params>
          <reporter-output>
          </reporter-output>
        </test-method> <!-- ValidateMultipleInformation -->
      </class> <!-- com.sauce.qa.TestCases.CheckOutPageTest -->
      <class name="com.sauce.qa.TestCases.ProductsPageTest">
        <test-method is-config="true" signature="SetUp()[pri:0, instance:com.sauce.qa.TestCases.ProductsPageTest@4550bb58]" started-at="2025-07-06T12:20:53 IST" name="SetUp" finished-at="2025-07-06T12:20:56 IST" duration-ms="3734" status="PASS">
          <reporter-output>
          </reporter-output>
        </test-method> <!-- SetUp -->
        <test-method signature="ValidateFilterOptionTest()[pri:1, instance:com.sauce.qa.TestCases.ProductsPageTest@4550bb58]" started-at="2025-07-06T12:20:56 IST" name="ValidateFilterOptionTest" finished-at="2025-07-06T12:20:57 IST" duration-ms="471" status="PASS">
          <reporter-output>
          </reporter-output>
        </test-method> <!-- ValidateFilterOptionTest -->
        <test-method is-config="true" signature="SetUp()[pri:0, instance:com.sauce.qa.TestCases.ProductsPageTest@4550bb58]" started-at="2025-07-06T12:20:57 IST" name="SetUp" finished-at="2025-07-06T12:21:00 IST" duration-ms="2667" status="PASS">
          <reporter-output>
          </reporter-output>
        </test-method> <!-- SetUp -->
        <test-method signature="ValidateAddtoCartTest()[pri:2, instance:com.sauce.qa.TestCases.ProductsPageTest@4550bb58]" started-at="2025-07-06T12:21:00 IST" name="ValidateAddtoCartTest" finished-at="2025-07-06T12:21:00 IST" duration-ms="299" status="PASS">
          <reporter-output>
          </reporter-output>
        </test-method> <!-- ValidateAddtoCartTest -->
      </class> <!-- com.sauce.qa.TestCases.ProductsPageTest -->
      <class name="com.sauce.qa.TestCases.LoginPageTest">
        <test-method is-config="true" signature="SetUp()[pri:0, instance:com.sauce.qa.TestCases.LoginPageTest@6adbc9d]" started-at="2025-07-06T12:20:47 IST" name="SetUp" finished-at="2025-07-06T12:20:49 IST" duration-ms="1841" status="PASS">
          <reporter-output>
          </reporter-output>
        </test-method> <!-- SetUp -->
        <test-method signature="loginpageTitleTest()[pri:1, instance:com.sauce.qa.TestCases.LoginPageTest@6adbc9d]" started-at="2025-07-06T12:20:49 IST" name="loginpageTitleTest" finished-at="2025-07-06T12:20:49 IST" duration-ms="30" status="PASS">
          <reporter-output>
          </reporter-output>
        </test-method> <!-- loginpageTitleTest -->
        <test-method is-config="true" signature="SetUp()[pri:0, instance:com.sauce.qa.TestCases.LoginPageTest@6adbc9d]" started-at="2025-07-06T12:20:49 IST" name="SetUp" finished-at="2025-07-06T12:20:51 IST" duration-ms="2669" status="PASS">
          <reporter-output>
          </reporter-output>
        </test-method> <!-- SetUp -->
        <test-method signature="LoginMethod()[pri:2, instance:com.sauce.qa.TestCases.LoginPageTest@6adbc9d]" started-at="2025-07-06T12:20:51 IST" name="LoginMethod" finished-at="2025-07-06T12:20:52 IST" duration-ms="937" status="FAIL">
          <exception class="java.lang.AssertionError">
            <message>
              <![CDATA[expected [Single Page Apps for GitHub Pages] but found [Swag Labs]]]>
            </message>
            <full-stacktrace>
              <![CDATA[java.lang.AssertionError: expected [Single Page Apps for GitHub Pages] but found [Swag Labs]
at org.testng.Assert.fail(Assert.java:99)
at org.testng.Assert.failNotEquals(Assert.java:1037)
at org.testng.Assert.assertEqualsImpl(Assert.java:140)
at org.testng.Assert.assertEquals(Assert.java:122)
at org.testng.Assert.assertEquals(Assert.java:629)
at org.testng.Assert.assertEquals(Assert.java:639)
at com.sauce.qa.TestCases.LoginPageTest.LoginMethod(LoginPageTest.java:38)
at java.base/jdk.internal.reflect.NativeMethodAccessorImpl.invoke0(Native Method)
at java.base/jdk.internal.reflect.NativeMethodAccessorImpl.invoke(NativeMethodAccessorImpl.java:77)
at java.base/jdk.internal.reflect.DelegatingMethodAccessorImpl.invoke(DelegatingMethodAccessorImpl.java:43)
at java.base/java.lang.reflect.Method.invoke(Method.java:568)
at org.testng.internal.MethodInvocationHelper.invokeMethod(MethodInvocationHelper.java:133)
at org.testng.internal.TestInvoker.invokeMethod(TestInvoker.java:598)
at org.testng.internal.TestInvoker.invokeTestMethod(TestInvoker.java:173)
at org.testng.internal.MethodRunner.runInSequence(MethodRunner.java:46)
at org.testng.internal.TestInvoker$MethodInvocationAgent.invoke(TestInvoker.java:824)
at org.testng.internal.TestInvoker.invokeTestMethods(TestInvoker.java:146)
at org.testng.internal.TestMethodWorker.invokeTestMethods(TestMethodWorker.java:146)
at org.testng.internal.TestMethodWorker.run(TestMethodWorker.java:128)
at java.base/java.util.ArrayList.forEach(ArrayList.java:1511)
at org.testng.TestRunner.privateRun(TestRunner.java:794)
at org.testng.TestRunner.run(TestRunner.java:596)
at org.testng.SuiteRunner.runTest(SuiteRunner.java:377)
at org.testng.SuiteRunner.runSequentially(SuiteRunner.java:371)
at org.testng.SuiteRunner.privateRun(SuiteRunner.java:332)
at org.testng.SuiteRunner.run(SuiteRunner.java:276)
at org.testng.SuiteRunnerWorker.runSuite(SuiteRunnerWorker.java:53)
at org.testng.SuiteRunnerWorker.run(SuiteRunnerWorker.java:96)
at org.testng.TestNG.runSuitesSequentially(TestNG.java:1212)
at org.testng.TestNG.runSuitesLocally(TestNG.java:1134)
at org.testng.TestNG.runSuites(TestNG.java:1063)
at org.testng.TestNG.run(TestNG.java:1031)
at org.testng.remote.AbstractRemoteTestNG.run(AbstractRemoteTestNG.java:115)
at org.testng.remote.RemoteTestNG.initAndRun(RemoteTestNG.java:293)
at org.testng.remote.RemoteTestNG.main(RemoteTestNG.java:91)
]]>
            </full-stacktrace>
          </exception> <!-- java.lang.AssertionError -->
          <reporter-output>
          </reporter-output>
        </test-method> <!-- LoginMethod -->
      </class> <!-- com.sauce.qa.TestCases.LoginPageTest -->
      <class name="com.sauce.qa.TestCases.OrderPlacedPageTest">
        <test-method is-config="true" signature="SetUp()[pri:0, instance:com.sauce.qa.TestCases.OrderPlacedPageTest@9597028]" started-at="2025-07-06T12:21:04 IST" name="SetUp" finished-at="2025-07-06T12:21:08 IST" duration-ms="3555" status="PASS">
          <reporter-output>
          </reporter-output>
        </test-method> <!-- SetUp -->
        <test-method signature="ValidateMessageTest()[pri:0, instance:com.sauce.qa.TestCases.OrderPlacedPageTest@9597028]" started-at="2025-07-06T12:21:08 IST" name="ValidateMessageTest" finished-at="2025-07-06T12:21:08 IST" duration-ms="30" status="PASS">
          <reporter-output>
          </reporter-output>
        </test-method> <!-- ValidateMessageTest -->
      </class> <!-- com.sauce.qa.TestCases.OrderPlacedPageTest -->
      <class name="com.sauce.qa.TestCases.OverviewPageTest">
        <test-method is-config="true" signature="SetUp()[pri:0, instance:com.sauce.qa.TestCases.OverviewPageTest@a514af7]" started-at="2025-07-06T12:20:31 IST" name="SetUp" finished-at="2025-07-06T12:20:37 IST" duration-ms="5478" status="PASS">
          <reporter-output>
          </reporter-output>
        </test-method> <!-- SetUp -->
        <test-method signature="ValidateoverviewdetailsTest()[pri:0, instance:com.sauce.qa.TestCases.OverviewPageTest@a514af7]" started-at="2025-07-06T12:20:37 IST" name="ValidateoverviewdetailsTest" finished-at="2025-07-06T12:20:37 IST" duration-ms="91" status="PASS">
          <reporter-output>
          </reporter-output>
        </test-method> <!-- ValidateoverviewdetailsTest -->
      </class> <!-- com.sauce.qa.TestCases.OverviewPageTest -->
      <class name="com.sauce.qa.TestCases.AddCartPageTest">
        <test-method is-config="true" signature="SetUp()[pri:0, instance:com.sauce.qa.TestCases.AddCartPageTest@4ec4f3a0]" started-at="2025-07-06T12:21:00 IST" name="SetUp" finished-at="2025-07-06T12:21:04 IST" duration-ms="4032" status="PASS">
          <reporter-output>
          </reporter-output>
        </test-method> <!-- SetUp -->
        <test-method signature="checkoutTest()[pri:0, instance:com.sauce.qa.TestCases.AddCartPageTest@4ec4f3a0]" started-at="2025-07-06T12:21:04 IST" name="checkoutTest" finished-at="2025-07-06T12:21:04 IST" duration-ms="115" status="PASS">
          <reporter-output>
          </reporter-output>
        </test-method> <!-- checkoutTest -->
      </class> <!-- com.sauce.qa.TestCases.AddCartPageTest -->
    </test> <!-- Test -->
  </suite> <!-- Suite -->
</testng-results>
